INFO : root : 2022-07-14 19:42:58,876 : ******************************************ABSTRACTION******************************************
INFO : root : 2022-07-14 19:42:58,877 : abstraction example #1
INFO : root : 2022-07-14 19:42:58,877 : Accesing private variable with class name
INFO : root : 2022-07-14 19:42:58,877 : IN1234
INFO : root : 2022-07-14 19:42:58,877 : Accessing Hall of Fame data
INFO : root : 2022-07-14 19:42:58,877 : IN1234 --> Made successfull transition to Data Science domain
INFO : root : 2022-07-14 19:42:58,877 : abstraction example #2
INFO : root : 2022-07-14 19:42:58,878 : Accesing private variable with class name
INFO : root : 2022-07-14 19:42:58,878 : DS1234
INFO : root : 2022-07-14 19:42:58,878 : Viewing Course library
INFO : root : 2022-07-14 19:42:58,878 : DS1234 --> Data Structures and Algorithms
INFO : root : 2022-07-14 19:42:58,878 : abstraction example #3
INFO : root : 2022-07-14 19:42:58,878 : Accesing private variable with class name
INFO : root : 2022-07-14 19:42:58,878 : ['Tech Neuron', 'Kids Neuron']
INFO : root : 2022-07-14 19:42:58,878 : Viewing Neuron Type
INFO : root : 2022-07-14 19:42:58,878 : ['Tech Neuron', 'Kids Neuron'] was listed
INFO : root : 2022-07-14 19:42:58,878 : abstraction example #4
INFO : root : 2022-07-14 19:42:58,878 : Accesing private variable with class name
INFO : root : 2022-07-14 19:42:58,878 : ['Full Stack Data Science', 'Javascript']
INFO : root : 2022-07-14 19:42:58,878 : ['Full Stack Data Science', 'Javascript'] was listed in internship program
INFO : root : 2022-07-14 19:42:58,878 : abstraction example #5
INFO : root : 2022-07-14 19:42:58,879 : Accesing private variable with class name
INFO : root : 2022-07-14 19:42:58,879 : AF23890
INFO : root : 2022-07-14 19:42:58,879 : your affliate id AF23890 was registered
INFO : root : 2022-07-14 19:42:58,879 : abstraction example #6
INFO : root : 2022-07-14 19:42:58,879 : Accesing private variable with class name
INFO : root : 2022-07-14 19:42:58,879 : {'Business Development Associate': 'Bangalore', 'Senior UI/UX developer': 'Bangalore', 'UI/UX developer': 'Bangalore'}
INFO : root : 2022-07-14 19:42:58,879 : opening for Business Development Associate at Bangalore location
INFO : root : 2022-07-14 19:42:58,879 : opening for Senior UI/UX developer at Bangalore location
INFO : root : 2022-07-14 19:42:58,879 : opening for UI/UX developer at Bangalore location
INFO : root : 2022-07-14 19:42:58,879 : opening for Business Development Associate at Bangalore location
INFO : root : 2022-07-14 19:42:58,879 : opening for Senior UI/UX developer at Bangalore location
INFO : root : 2022-07-14 19:42:58,879 : opening for UI/UX developer at Bangalore location
INFO : root : 2022-07-14 19:42:58,879 : opening for Automation Developer at Bangalore location
INFO : root : 2022-07-14 19:42:58,880 : abstraction example #7
INFO : root : 2022-07-14 19:42:58,880 : Accesing private variable with class name
INFO : root : 2022-07-14 19:42:58,880 : ['Microsoft', 'VM Ware', 'Adobe', 'Wipro']
INFO : root : 2022-07-14 19:42:58,880 : ['Microsoft', 'VM Ware', 'Adobe', 'Wipro']
INFO : root : 2022-07-14 19:42:58,880 : abstraction example #8
INFO : root : 2022-07-14 19:42:58,880 : Accesing private variable with class name
INFO : root : 2022-07-14 19:42:58,880 : ['Python', 'Stats', 'Machine Learning', 'Deep Learning', 'Computer Vision']
INFO : root : 2022-07-14 19:42:58,880 : 0.Python
INFO : root : 2022-07-14 19:42:58,880 : 1.Stats
INFO : root : 2022-07-14 19:42:58,880 : 2.Machine Learning
INFO : root : 2022-07-14 19:42:58,880 : 3.Deep Learning
INFO : root : 2022-07-14 19:42:58,880 : 4.Computer Vision
INFO : root : 2022-07-14 19:42:58,880 : abstraction example #9
INFO : root : 2022-07-14 19:42:58,880 : Accesing private variable with class name
INFO : root : 2022-07-14 19:42:58,880 : 8
INFO : root : 2022-07-14 19:42:58,880 : Out of 10
INFO : root : 2022-07-14 19:42:58,881 : ********
INFO : root : 2022-07-14 19:42:58,881 : abstraction example #10
INFO : root : 2022-07-14 19:42:58,881 : Accesing private variable with class name
INFO : root : 2022-07-14 19:42:58,881 : 18
INFO : root : 2022-07-14 19:42:58,881 : Out of 20
INFO : root : 2022-07-14 19:42:58,881 : ##################
INFO : root : 2022-07-14 19:43:07,765 : ******************************************ENCAPSULATION******************************************
INFO : root : 2022-07-14 19:43:07,765 : encapsulation example #1
INFO : root : 2022-07-14 19:43:07,765 : Accessing Hall of Fame data
INFO : root : 2022-07-14 19:43:07,765 : IN1234 --> Made successfull transition to Data Science domain
INFO : root : 2022-07-14 19:43:07,765 : encapsulation example #2
INFO : root : 2022-07-14 19:43:07,765 : Viewing Course library
INFO : root : 2022-07-14 19:43:07,765 : DS1234 --> Data Structures and Algorithms
INFO : root : 2022-07-14 19:43:07,765 : encapsulation example #3
INFO : root : 2022-07-14 19:43:07,765 : Viewing Neuron Type
INFO : root : 2022-07-14 19:43:07,765 : ['Tech Neuron', 'Kids Neuron'] was listed
INFO : root : 2022-07-14 19:43:07,765 : encapsulation example #4
INFO : root : 2022-07-14 19:43:07,765 : ['Full Stack Data Science', 'Javascript'] was listed in internship program
INFO : root : 2022-07-14 19:43:07,765 : encapsulation example #5
INFO : root : 2022-07-14 19:43:07,765 : your affliate id AF23890 was registered
INFO : root : 2022-07-14 19:43:07,765 : encapsulation example #6
INFO : root : 2022-07-14 19:43:07,765 : opening for Business Development Associate at Bangalore location
INFO : root : 2022-07-14 19:43:07,765 : opening for Senior UI/UX developer at Bangalore location
INFO : root : 2022-07-14 19:43:07,765 : opening for UI/UX developer at Bangalore location
INFO : root : 2022-07-14 19:43:07,765 : opening for Business Development Associate at Bangalore location
INFO : root : 2022-07-14 19:43:07,765 : opening for Senior UI/UX developer at Bangalore location
INFO : root : 2022-07-14 19:43:07,766 : opening for UI/UX developer at Bangalore location
INFO : root : 2022-07-14 19:43:07,766 : opening for Automation Developer at Bangalore location
INFO : root : 2022-07-14 19:43:07,766 : encapsulation example #7
INFO : root : 2022-07-14 19:43:07,766 : ['Microsoft', 'VM Ware', 'Adobe', 'Wipro']
INFO : root : 2022-07-14 19:43:07,766 : encapsulation example #8
INFO : root : 2022-07-14 19:43:07,766 : 0.Python
INFO : root : 2022-07-14 19:43:07,766 : 1.Stats
INFO : root : 2022-07-14 19:43:07,766 : 2.Machine Learning
INFO : root : 2022-07-14 19:43:07,766 : 3.Deep Learning
INFO : root : 2022-07-14 19:43:07,766 : 4.Computer Vision
INFO : root : 2022-07-14 19:43:07,766 : encapsulation example #9
INFO : root : 2022-07-14 19:43:07,766 : Out of 10
INFO : root : 2022-07-14 19:43:07,766 : ********
INFO : root : 2022-07-14 19:43:07,766 : encapsulation example #10
INFO : root : 2022-07-14 19:43:07,766 : Out of 20
INFO : root : 2022-07-14 19:43:07,766 : ##################
INFO : root : 2022-07-14 19:45:43,792 : ******************************************INHERITANCE******************************************
INFO : root : 2022-07-14 19:45:43,792 : ******************************************MENU******************************************
INFO : root : 2022-07-14 19:45:43,792 : 1. HOME
INFO : root : 2022-07-14 19:45:43,792 : 2. ONE NEURON
INFO : root : 2022-07-14 19:45:43,792 : 3. YOUR COLLECTION
INFO : root : 2022-07-14 19:45:43,792 : 4. ROAD MAPS
INFO : root : 2022-07-14 19:45:43,792 : 5. WHAT'S NEXT
INFO : root : 2022-07-14 19:45:43,793 : 6. CHALLENGES
INFO : root : 2022-07-14 19:45:43,793 : 7. TECH NEURON
INFO : root : 2022-07-14 19:45:43,793 : 8. OTHERS
INFO : root : 2022-07-14 19:45:43,793 : 9. EXIT
INFO : root : 2022-07-14 19:45:46,780 : Inheritance example #1
INFO : root : 2022-07-14 19:45:46,780 : HOME is choosed from the menu
INFO : root : 2022-07-14 19:45:46,780 : menu HOME invoked
INFO : root : 2022-07-14 19:45:46,780 : title Course Details was invoked
INFO : root : 2022-07-14 19:45:46,780 : choose course order number to enroll
INFO : root : 2022-07-14 19:46:03,403 : course order number choosed 2 from ['DATA SCIENCE', 'PROGRAMMING', 'DEVELOPMENT', 'CLOUD', 'MARKETING']
INFO : root : 2022-07-14 19:46:03,403 : PROGRAMMING course is enrolled
INFO : root : 2022-07-14 19:46:03,403 : enrolled courses
INFO : root : 2022-07-14 19:46:03,403 : 1. PROGRAMMING
INFO : root : 2022-07-14 19:46:03,403 : enrolled course count 1
INFO : root : 2022-07-14 19:46:03,404 : choose course order number within enrolled length to play / enter 0 if play not required
INFO : root : 2022-07-14 19:46:10,626 : course order number choosed 1 from ['PROGRAMMING']
INFO : root : 2022-07-14 19:46:10,626 : PROGRAMMING course is playing...
INFO : root : 2022-07-14 19:46:10,627 : recent courses
INFO : root : 2022-07-14 19:46:10,627 : 1. PROGRAMMING
INFO : root : 2022-07-14 19:46:10,627 : ******************************************MENU******************************************
INFO : root : 2022-07-14 19:46:10,627 : 1. HOME
INFO : root : 2022-07-14 19:46:10,627 : 2. ONE NEURON
INFO : root : 2022-07-14 19:46:10,627 : 3. YOUR COLLECTION
INFO : root : 2022-07-14 19:46:10,627 : 4. ROAD MAPS
INFO : root : 2022-07-14 19:46:10,627 : 5. WHAT'S NEXT
INFO : root : 2022-07-14 19:46:10,627 : 6. CHALLENGES
INFO : root : 2022-07-14 19:46:10,627 : 7. TECH NEURON
INFO : root : 2022-07-14 19:46:10,627 : 8. OTHERS
INFO : root : 2022-07-14 19:46:10,627 : 9. EXIT
INFO : root : 2022-07-14 19:46:12,570 : Inheritance example #1
INFO : root : 2022-07-14 19:46:12,570 : HOME is choosed from the menu
INFO : root : 2022-07-14 19:46:12,570 : menu HOME invoked
INFO : root : 2022-07-14 19:46:12,571 : title Course Details was invoked
INFO : root : 2022-07-14 19:46:12,571 : choose course order number to enroll
INFO : root : 2022-07-14 19:46:16,114 : course order number choosed 1 from ['DATA SCIENCE', 'PROGRAMMING', 'DEVELOPMENT', 'CLOUD', 'MARKETING']
INFO : root : 2022-07-14 19:46:16,114 : DATA SCIENCE course is enrolled
INFO : root : 2022-07-14 19:46:16,115 : enrolled courses
INFO : root : 2022-07-14 19:46:16,115 : 1. PROGRAMMING
INFO : root : 2022-07-14 19:46:16,115 : 2. DATA SCIENCE
INFO : root : 2022-07-14 19:46:16,115 : enrolled course count 2
INFO : root : 2022-07-14 19:46:16,115 : choose course order number within enrolled length to play / enter 0 if play not required
INFO : root : 2022-07-14 19:46:18,211 : course order number choosed 0 from ['PROGRAMMING', 'DATA SCIENCE']
INFO : root : 2022-07-14 19:46:18,211 : ******************************************MENU******************************************
INFO : root : 2022-07-14 19:46:18,211 : 1. HOME
INFO : root : 2022-07-14 19:46:18,211 : 2. ONE NEURON
INFO : root : 2022-07-14 19:46:18,211 : 3. YOUR COLLECTION
INFO : root : 2022-07-14 19:46:18,211 : 4. ROAD MAPS
INFO : root : 2022-07-14 19:46:18,211 : 5. WHAT'S NEXT
INFO : root : 2022-07-14 19:46:18,211 : 6. CHALLENGES
INFO : root : 2022-07-14 19:46:18,211 : 7. TECH NEURON
INFO : root : 2022-07-14 19:46:18,211 : 8. OTHERS
INFO : root : 2022-07-14 19:46:18,211 : 9. EXIT
INFO : root : 2022-07-14 19:46:21,777 : Inheritance example #1
INFO : root : 2022-07-14 19:46:21,777 : HOME is choosed from the menu
INFO : root : 2022-07-14 19:46:21,778 : menu HOME invoked
INFO : root : 2022-07-14 19:46:21,778 : title Course Details was invoked
INFO : root : 2022-07-14 19:46:21,778 : choose course order number to enroll
INFO : root : 2022-07-14 19:46:28,659 : course order number choosed 4 from ['DATA SCIENCE', 'PROGRAMMING', 'DEVELOPMENT', 'CLOUD', 'MARKETING']
INFO : root : 2022-07-14 19:46:28,659 : CLOUD course is enrolled
INFO : root : 2022-07-14 19:46:28,659 : enrolled courses
INFO : root : 2022-07-14 19:46:28,660 : 1. PROGRAMMING
INFO : root : 2022-07-14 19:46:28,660 : 2. DATA SCIENCE
INFO : root : 2022-07-14 19:46:28,660 : 3. CLOUD
INFO : root : 2022-07-14 19:46:28,660 : enrolled course count 3
INFO : root : 2022-07-14 19:46:28,660 : choose course order number within enrolled length to play / enter 0 if play not required
INFO : root : 2022-07-14 19:46:30,531 : course order number choosed 2 from ['PROGRAMMING', 'DATA SCIENCE', 'CLOUD']
INFO : root : 2022-07-14 19:46:30,531 : DATA SCIENCE course is playing...
INFO : root : 2022-07-14 19:46:30,531 : recent courses
INFO : root : 2022-07-14 19:46:30,531 : 1. PROGRAMMING
INFO : root : 2022-07-14 19:46:30,531 : 2. DATA SCIENCE
INFO : root : 2022-07-14 19:46:30,531 : ******************************************MENU******************************************
INFO : root : 2022-07-14 19:46:30,531 : 1. HOME
INFO : root : 2022-07-14 19:46:30,531 : 2. ONE NEURON
INFO : root : 2022-07-14 19:46:30,532 : 3. YOUR COLLECTION
INFO : root : 2022-07-14 19:46:30,532 : 4. ROAD MAPS
INFO : root : 2022-07-14 19:46:30,532 : 5. WHAT'S NEXT
INFO : root : 2022-07-14 19:46:30,532 : 6. CHALLENGES
INFO : root : 2022-07-14 19:46:30,532 : 7. TECH NEURON
INFO : root : 2022-07-14 19:46:30,532 : 8. OTHERS
INFO : root : 2022-07-14 19:46:30,532 : 9. EXIT
INFO : root : 2022-07-14 19:46:39,587 : Inheritance example #2
INFO : root : 2022-07-14 19:46:39,587 : ONE NEURON is choosed from the menu
INFO : root : 2022-07-14 19:46:39,587 : menu ONE NEURON invoked
INFO : root : 2022-07-14 19:46:39,587 : title One Neuron Enrollemnt was invoked
INFO : root : 2022-07-14 19:46:39,587 : Checking One Neuron enrollment status....
INFO : root : 2022-07-14 19:46:39,587 : one neuron is not enrolled
INFO : root : 2022-07-14 19:46:39,587 : press e to enroll the course
INFO : root : 2022-07-14 19:46:44,915 : payment is processing...
INFO : root : 2022-07-14 19:46:44,915 : one neuron enrolled successfully
INFO : root : 2022-07-14 19:46:44,915 : ******************************************MENU******************************************
INFO : root : 2022-07-14 19:46:44,915 : 1. HOME
INFO : root : 2022-07-14 19:46:44,915 : 2. ONE NEURON
INFO : root : 2022-07-14 19:46:44,915 : 3. YOUR COLLECTION
INFO : root : 2022-07-14 19:46:44,915 : 4. ROAD MAPS
INFO : root : 2022-07-14 19:46:44,915 : 5. WHAT'S NEXT
INFO : root : 2022-07-14 19:46:44,915 : 6. CHALLENGES
INFO : root : 2022-07-14 19:46:44,915 : 7. TECH NEURON
INFO : root : 2022-07-14 19:46:44,915 : 8. OTHERS
INFO : root : 2022-07-14 19:46:44,915 : 9. EXIT
INFO : root : 2022-07-14 19:46:52,074 : Inheritance example #3
INFO : root : 2022-07-14 19:46:52,074 : YOUR COLLECTION is choosed from the menu
INFO : root : 2022-07-14 19:46:52,075 : menu YOUR COLLECTION invoked
INFO : root : 2022-07-14 19:46:52,075 : title Collections was invoked
INFO : root : 2022-07-14 19:46:52,075 : 1. PROGRAMMING
INFO : root : 2022-07-14 19:46:52,075 : 2. DATA SCIENCE
INFO : root : 2022-07-14 19:46:52,075 : 3. CLOUD
INFO : root : 2022-07-14 19:46:52,075 : 4. One Neuron
INFO : root : 2022-07-14 19:46:52,075 : choose course number from the enrolled course to add into collection
INFO : root : 2022-07-14 19:47:01,482 : adding course to the collection
INFO : root : 2022-07-14 19:47:01,482 : choose course number from ['PROGRAMMING', 'DATA SCIENCE', 'CLOUD', 'One Neuron'] to add into collection
INFO : root : 2022-07-14 19:47:01,482 : courses in collection
INFO : root : 2022-07-14 19:47:01,482 : 1. DATA SCIENCE
INFO : root : 2022-07-14 19:47:01,482 : ******************************************MENU******************************************
INFO : root : 2022-07-14 19:47:01,482 : 1. HOME
INFO : root : 2022-07-14 19:47:01,482 : 2. ONE NEURON
INFO : root : 2022-07-14 19:47:01,482 : 3. YOUR COLLECTION
INFO : root : 2022-07-14 19:47:01,482 : 4. ROAD MAPS
INFO : root : 2022-07-14 19:47:01,482 : 5. WHAT'S NEXT
INFO : root : 2022-07-14 19:47:01,482 : 6. CHALLENGES
INFO : root : 2022-07-14 19:47:01,482 : 7. TECH NEURON
INFO : root : 2022-07-14 19:47:01,482 : 8. OTHERS
INFO : root : 2022-07-14 19:47:01,482 : 9. EXIT
INFO : root : 2022-07-14 19:47:07,498 : Inheritance example #4
INFO : root : 2022-07-14 19:47:07,498 : ROADMAP is choosed from the menu
INFO : root : 2022-07-14 19:47:15,586 : adding road map category
INFO : root : 2022-07-14 19:47:27,737 : adding sub road map
INFO : root : 2022-07-14 19:47:27,737 : roadmaps loading....
INFO : root : 2022-07-14 19:47:27,737 : DATA SCIENCE  :  MACHINE LEARNING
INFO : root : 2022-07-14 19:47:27,738 : ******************************************MENU******************************************
INFO : root : 2022-07-14 19:47:27,738 : 1. HOME
INFO : root : 2022-07-14 19:47:27,738 : 2. ONE NEURON
INFO : root : 2022-07-14 19:47:27,739 : 3. YOUR COLLECTION
INFO : root : 2022-07-14 19:47:27,739 : 4. ROAD MAPS
INFO : root : 2022-07-14 19:47:27,739 : 5. WHAT'S NEXT
INFO : root : 2022-07-14 19:47:27,739 : 6. CHALLENGES
INFO : root : 2022-07-14 19:47:27,739 : 7. TECH NEURON
INFO : root : 2022-07-14 19:47:27,739 : 8. OTHERS
INFO : root : 2022-07-14 19:47:27,739 : 9. EXIT
INFO : root : 2022-07-14 19:47:32,618 : Inheritance example #5
INFO : root : 2022-07-14 19:47:32,618 : WHAT NEXT is choosed from the menu
INFO : root : 2022-07-14 19:47:39,274 : adding course into What Next
INFO : root : 2022-07-14 19:47:39,274 : 1.DATA SCIENCE
INFO : root : 2022-07-14 19:47:39,274 : 2.DATA STRUCTURES
INFO : root : 2022-07-14 19:47:39,274 : 3.BI
INFO : root : 2022-07-14 19:47:39,274 : 4.PROGRAMMING
INFO : root : 2022-07-14 19:47:39,274 : Adding course to the calendar
INFO : root : 2022-07-14 19:47:39,274 : Month April having Courses ['DATA SCIENCE', 'DATA STRUCTURES', 'BI', 'PROGRAMMING'] scheduled in calendar
INFO : root : 2022-07-14 19:47:39,274 : ******************************************MENU******************************************
INFO : root : 2022-07-14 19:47:39,275 : 1. HOME
INFO : root : 2022-07-14 19:47:39,275 : 2. ONE NEURON
INFO : root : 2022-07-14 19:47:39,275 : 3. YOUR COLLECTION
INFO : root : 2022-07-14 19:47:39,275 : 4. ROAD MAPS
INFO : root : 2022-07-14 19:47:39,275 : 5. WHAT'S NEXT
INFO : root : 2022-07-14 19:47:39,275 : 6. CHALLENGES
INFO : root : 2022-07-14 19:47:39,275 : 7. TECH NEURON
INFO : root : 2022-07-14 19:47:39,275 : 8. OTHERS
INFO : root : 2022-07-14 19:47:39,275 : 9. EXIT
INFO : root : 2022-07-14 19:47:45,593 : Inheritance example #5
INFO : root : 2022-07-14 19:47:45,593 : WHAT NEXT is choosed from the menu
INFO : root : 2022-07-14 19:47:49,009 : adding course into What Next
INFO : root : 2022-07-14 19:47:49,009 : 1.DATA SCIENCE
INFO : root : 2022-07-14 19:47:49,009 : 2.DATA STRUCTURES
INFO : root : 2022-07-14 19:47:49,009 : 3.BI
INFO : root : 2022-07-14 19:47:49,009 : 4.PROGRAMMING
INFO : root : 2022-07-14 19:47:49,009 : Adding course to the calendar
INFO : root : 2022-07-14 19:47:49,009 : Month April having Courses ['DATA SCIENCE', 'DATA STRUCTURES', 'BI', 'PROGRAMMING'] scheduled in calendar
INFO : root : 2022-07-14 19:47:49,010 : Month May having Courses ['DATA SCIENCE', 'DATA STRUCTURES', 'BI', 'PROGRAMMING'] scheduled in calendar
INFO : root : 2022-07-14 19:47:49,010 : ******************************************MENU******************************************
INFO : root : 2022-07-14 19:47:49,010 : 1. HOME
INFO : root : 2022-07-14 19:47:49,010 : 2. ONE NEURON
INFO : root : 2022-07-14 19:47:49,010 : 3. YOUR COLLECTION
INFO : root : 2022-07-14 19:47:49,010 : 4. ROAD MAPS
INFO : root : 2022-07-14 19:47:49,010 : 5. WHAT'S NEXT
INFO : root : 2022-07-14 19:47:49,010 : 6. CHALLENGES
INFO : root : 2022-07-14 19:47:49,010 : 7. TECH NEURON
INFO : root : 2022-07-14 19:47:49,010 : 8. OTHERS
INFO : root : 2022-07-14 19:47:49,010 : 9. EXIT
INFO : root : 2022-07-14 19:47:51,482 : Inheritance example #5
INFO : root : 2022-07-14 19:47:51,482 : WHAT NEXT is choosed from the menu
INFO : root : 2022-07-14 19:47:55,329 : adding course into What Next
INFO : root : 2022-07-14 19:47:55,329 : 1.DATA SCIENCE
INFO : root : 2022-07-14 19:47:55,329 : 2.DATA STRUCTURES
INFO : root : 2022-07-14 19:47:55,330 : 3.BI
INFO : root : 2022-07-14 19:47:55,330 : 4.PROGRAMMING
INFO : root : 2022-07-14 19:47:55,330 : Adding course to the calendar
INFO : root : 2022-07-14 19:47:55,331 : Month April having Courses ['DATA SCIENCE', 'DATA STRUCTURES', 'BI', 'PROGRAMMING'] scheduled in calendar
INFO : root : 2022-07-14 19:47:55,331 : Month May having Courses ['DATA SCIENCE', 'DATA STRUCTURES', 'BI', 'PROGRAMMING'] scheduled in calendar
INFO : root : 2022-07-14 19:47:55,331 : Month June having Courses ['DATA SCIENCE', 'DATA STRUCTURES', 'BI', 'PROGRAMMING'] scheduled in calendar
INFO : root : 2022-07-14 19:47:55,331 : ******************************************MENU******************************************
INFO : root : 2022-07-14 19:47:55,331 : 1. HOME
INFO : root : 2022-07-14 19:47:55,331 : 2. ONE NEURON
INFO : root : 2022-07-14 19:47:55,331 : 3. YOUR COLLECTION
INFO : root : 2022-07-14 19:47:55,331 : 4. ROAD MAPS
INFO : root : 2022-07-14 19:47:55,331 : 5. WHAT'S NEXT
INFO : root : 2022-07-14 19:47:55,331 : 6. CHALLENGES
INFO : root : 2022-07-14 19:47:55,331 : 7. TECH NEURON
INFO : root : 2022-07-14 19:47:55,331 : 8. OTHERS
INFO : root : 2022-07-14 19:47:55,331 : 9. EXIT
INFO : root : 2022-07-14 19:47:58,027 : Inheritance example #5
INFO : root : 2022-07-14 19:47:58,027 : WHAT NEXT is choosed from the menu
INFO : root : 2022-07-14 19:48:01,107 : adding course into What Next
INFO : root : 2022-07-14 19:48:01,107 : 1.DATA SCIENCE
INFO : root : 2022-07-14 19:48:01,107 : 2.DATA STRUCTURES
INFO : root : 2022-07-14 19:48:01,107 : 3.BI
INFO : root : 2022-07-14 19:48:01,107 : 4.PROGRAMMING
INFO : root : 2022-07-14 19:48:01,107 : Adding course to the calendar
INFO : root : 2022-07-14 19:48:01,107 : Month April having Courses ['DATA SCIENCE', 'DATA STRUCTURES', 'BI', 'PROGRAMMING'] scheduled in calendar
INFO : root : 2022-07-14 19:48:01,107 : Month May having Courses ['DATA SCIENCE', 'DATA STRUCTURES', 'BI', 'PROGRAMMING'] scheduled in calendar
INFO : root : 2022-07-14 19:48:01,107 : Month June having Courses ['DATA SCIENCE', 'DATA STRUCTURES', 'BI', 'PROGRAMMING'] scheduled in calendar
INFO : root : 2022-07-14 19:48:01,108 : Month July having Courses ['DATA SCIENCE', 'DATA STRUCTURES', 'BI', 'PROGRAMMING'] scheduled in calendar
INFO : root : 2022-07-14 19:48:01,108 : ******************************************MENU******************************************
INFO : root : 2022-07-14 19:48:01,108 : 1. HOME
INFO : root : 2022-07-14 19:48:01,108 : 2. ONE NEURON
INFO : root : 2022-07-14 19:48:01,108 : 3. YOUR COLLECTION
INFO : root : 2022-07-14 19:48:01,108 : 4. ROAD MAPS
INFO : root : 2022-07-14 19:48:01,108 : 5. WHAT'S NEXT
INFO : root : 2022-07-14 19:48:01,108 : 6. CHALLENGES
INFO : root : 2022-07-14 19:48:01,108 : 7. TECH NEURON
INFO : root : 2022-07-14 19:48:01,108 : 8. OTHERS
INFO : root : 2022-07-14 19:48:01,108 : 9. EXIT
INFO : root : 2022-07-14 19:48:05,305 : Inheritance example #6
INFO : root : 2022-07-14 19:48:05,305 : CHALLENGES is choosed from the menu
INFO : root : 2022-07-14 19:48:05,305 : menu CHALLENGES invoked
INFO : root : 2022-07-14 19:48:05,305 : title Course-A-Thon was invoked
INFO : root : 2022-07-14 19:48:23,441 : adding new challenges
INFO : root : 2022-07-14 19:48:23,442 : Challenges added in Challenge section
INFO : root : 2022-07-14 19:48:23,442 : 1.DATA SCIENCE HACKATHON
INFO : root : 2022-07-14 19:48:23,442 : ******************************************MENU******************************************
INFO : root : 2022-07-14 19:48:23,442 : 1. HOME
INFO : root : 2022-07-14 19:48:23,442 : 2. ONE NEURON
INFO : root : 2022-07-14 19:48:23,442 : 3. YOUR COLLECTION
INFO : root : 2022-07-14 19:48:23,442 : 4. ROAD MAPS
INFO : root : 2022-07-14 19:48:23,442 : 5. WHAT'S NEXT
INFO : root : 2022-07-14 19:48:23,442 : 6. CHALLENGES
INFO : root : 2022-07-14 19:48:23,442 : 7. TECH NEURON
INFO : root : 2022-07-14 19:48:23,442 : 8. OTHERS
INFO : root : 2022-07-14 19:48:23,443 : 9. EXIT
INFO : root : 2022-07-14 19:48:28,194 : Inheritance example #6
INFO : root : 2022-07-14 19:48:28,194 : CHALLENGES is choosed from the menu
INFO : root : 2022-07-14 19:48:28,194 : menu CHALLENGES invoked
INFO : root : 2022-07-14 19:48:28,194 : title Course-A-Thon was invoked
INFO : root : 2022-07-14 19:48:37,737 : adding new challenges
INFO : root : 2022-07-14 19:48:37,737 : Challenges added in Challenge section
INFO : root : 2022-07-14 19:48:37,737 : 1.DATA SCIENCE HACKATHON
INFO : root : 2022-07-14 19:48:37,737 : 2.PROGRAMMING HACKATHON
INFO : root : 2022-07-14 19:48:37,737 : ******************************************MENU******************************************
INFO : root : 2022-07-14 19:48:37,738 : 1. HOME
INFO : root : 2022-07-14 19:48:37,738 : 2. ONE NEURON
INFO : root : 2022-07-14 19:48:37,738 : 3. YOUR COLLECTION
INFO : root : 2022-07-14 19:48:37,738 : 4. ROAD MAPS
INFO : root : 2022-07-14 19:48:37,738 : 5. WHAT'S NEXT
INFO : root : 2022-07-14 19:48:37,738 : 6. CHALLENGES
INFO : root : 2022-07-14 19:48:37,738 : 7. TECH NEURON
INFO : root : 2022-07-14 19:48:37,738 : 8. OTHERS
INFO : root : 2022-07-14 19:48:37,738 : 9. EXIT
INFO : root : 2022-07-14 19:48:48,930 : Inheritance example #7
INFO : root : 2022-07-14 19:48:48,930 : TECH NEURON is choosed from the menu
INFO : root : 2022-07-14 19:48:48,930 : Tech neuron Page is loading.......
INFO : root : 2022-07-14 19:48:48,930 : Available courses in Tech neuron page
INFO : root : 2022-07-14 19:48:48,931 : DATA SCIENCE
INFO : root : 2022-07-14 19:48:48,931 : JAVASCRIPT
INFO : root : 2022-07-14 19:48:48,931 : AUTOMATION
INFO : root : 2022-07-14 19:48:48,931 : TESTING
INFO : root : 2022-07-14 19:49:16,194 : course found :)
INFO : root : 2022-07-14 19:49:16,194 : ******************************************MENU******************************************
INFO : root : 2022-07-14 19:49:16,194 : 1. HOME
INFO : root : 2022-07-14 19:49:16,195 : 2. ONE NEURON
INFO : root : 2022-07-14 19:49:16,195 : 3. YOUR COLLECTION
INFO : root : 2022-07-14 19:49:16,195 : 4. ROAD MAPS
INFO : root : 2022-07-14 19:49:16,195 : 5. WHAT'S NEXT
INFO : root : 2022-07-14 19:49:16,195 : 6. CHALLENGES
INFO : root : 2022-07-14 19:49:16,195 : 7. TECH NEURON
INFO : root : 2022-07-14 19:49:16,195 : 8. OTHERS
INFO : root : 2022-07-14 19:49:16,195 : 9. EXIT
INFO : root : 2022-07-14 19:49:20,441 : OTHERS is choosed from the menu
INFO : root : 2022-07-14 19:49:20,443 : Inheritance example #8
INFO : root : 2022-07-14 19:49:20,443 : Home Dashboard
INFO : root : 2022-07-14 19:49:20,443 : Viewing Home data in the webapge loaded
INFO : root : 2022-07-14 19:49:20,443 : Inheritance example #9
INFO : root : 2022-07-14 19:49:20,443 : One Neuron Dashboard
INFO : root : 2022-07-14 19:49:20,443 : Viewing One Neuron data in the webapge loaded
INFO : root : 2022-07-14 19:49:20,443 : Inheritance example #10
INFO : root : 2022-07-14 19:49:20,443 : Your Collection Dashboard
INFO : root : 2022-07-14 19:49:20,443 : Viewing Your Collection data in the webapge loaded
INFO : root : 2022-07-14 19:49:20,443 : ******************************************MENU******************************************
INFO : root : 2022-07-14 19:49:20,443 : 1. HOME
INFO : root : 2022-07-14 19:49:20,443 : 2. ONE NEURON
INFO : root : 2022-07-14 19:49:20,443 : 3. YOUR COLLECTION
INFO : root : 2022-07-14 19:49:20,443 : 4. ROAD MAPS
INFO : root : 2022-07-14 19:49:20,443 : 5. WHAT'S NEXT
INFO : root : 2022-07-14 19:49:20,443 : 6. CHALLENGES
INFO : root : 2022-07-14 19:49:20,443 : 7. TECH NEURON
INFO : root : 2022-07-14 19:49:20,443 : 8. OTHERS
INFO : root : 2022-07-14 19:49:20,443 : 9. EXIT
INFO : root : 2022-07-14 19:49:47,796 : ******************************************METHOD OVERRIDING******************************************
INFO : root : 2022-07-14 19:49:47,796 : method overriding example #1
INFO : root : 2022-07-14 19:49:47,796 : Home Dashboard
INFO : root : 2022-07-14 19:49:47,796 : Viewing Home data in the webapge loaded
INFO : root : 2022-07-14 19:49:47,796 : method overriding example #2
INFO : root : 2022-07-14 19:49:47,796 : One Neuron Dashboard
INFO : root : 2022-07-14 19:49:47,796 : Viewing One Neuron data in the webapge loaded
INFO : root : 2022-07-14 19:49:47,796 : method overriding example #3
INFO : root : 2022-07-14 19:49:47,796 : Your Collection Dashboard
INFO : root : 2022-07-14 19:49:47,797 : Viewing Your Collection data in the webapge loaded
INFO : root : 2022-07-14 19:49:47,797 : method overriding example #4
INFO : root : 2022-07-14 19:49:47,797 : Raod Maps Dashboard
INFO : root : 2022-07-14 19:49:47,798 : Viewing Home data in the webapge loaded
INFO : root : 2022-07-14 19:49:47,798 : method overriding example #5
INFO : root : 2022-07-14 19:49:47,798 : What Next Dashboard
INFO : root : 2022-07-14 19:49:47,798 : Viewing What Next data in the webapge loaded
INFO : root : 2022-07-14 19:49:47,798 : method overriding example #6
INFO : root : 2022-07-14 19:49:47,798 : Challenges Dashboard
INFO : root : 2022-07-14 19:49:47,798 : Viewing Challenges data in the webapge loaded
INFO : root : 2022-07-14 19:49:47,798 : method overriding example #7
INFO : root : 2022-07-14 19:49:47,798 : Enroll One Neuron Dashboard
INFO : root : 2022-07-14 19:49:47,798 : Viewing Enroll One Neuron data in the webapge loaded
INFO : root : 2022-07-14 19:49:47,798 : method overriding example #8
INFO : root : 2022-07-14 19:49:47,798 : Course Library Dashboard
INFO : root : 2022-07-14 19:49:47,798 : Viewing Course Library data in the webapge loaded
INFO : root : 2022-07-14 19:49:47,798 : method overriding example #9
INFO : root : 2022-07-14 19:49:47,798 : Internship Dashboard
INFO : root : 2022-07-14 19:49:47,798 : Viewing Internship data in the webapge loaded
INFO : root : 2022-07-14 19:49:47,798 : method overriding example #10
INFO : root : 2022-07-14 19:49:47,798 : Online IDE Dashboard
INFO : root : 2022-07-14 19:49:47,798 : Viewing Online IDE data in the webapge loaded
INFO : root : 2022-07-14 19:49:53,331 : ******************************************MODULE******************************************
INFO : root : 2022-07-14 19:49:53,339 : Module example #1
INFO : root : 2022-07-14 19:49:53,339 : Accessing Hall of Fame data
INFO : root : 2022-07-14 19:49:53,339 : Module example #2
INFO : root : 2022-07-14 19:49:53,339 : Out of 20
INFO : root : 2022-07-14 19:49:53,339 : ##########
INFO : root : 2022-07-14 19:49:53,340 : Module example #3
INFO : root : 2022-07-14 19:49:53,340 : Out of 10
INFO : root : 2022-07-14 19:49:53,340 : *******
INFO : root : 2022-07-14 19:49:53,340 : Module example #4
INFO : root : 2022-07-14 19:49:53,340 : 0.Python
INFO : root : 2022-07-14 19:49:53,340 : 1.Stats
INFO : root : 2022-07-14 19:49:53,340 : 2.Machine Learning
INFO : root : 2022-07-14 19:49:53,340 : 3.Deep Learning
INFO : root : 2022-07-14 19:49:53,340 : 4.Computer Vision
INFO : root : 2022-07-14 19:49:53,340 : Module example #5
INFO : root : 2022-07-14 19:49:53,340 : ['Microsoft', 'VM Ware', 'Adobe', 'Wipro']
INFO : root : 2022-07-14 19:49:53,340 : Module example #6
INFO : root : 2022-07-14 19:49:53,340 : opening for Business Development Associate at Bangalore location
INFO : root : 2022-07-14 19:49:53,340 : opening for Senior UI/UX developer at Bangalore location
INFO : root : 2022-07-14 19:49:53,340 : opening for UI/UX developer at Bangalore location
INFO : root : 2022-07-14 19:49:53,340 : Module example #7
INFO : root : 2022-07-14 19:49:53,340 : your affliate id AF23890 was registered
INFO : root : 2022-07-14 19:49:53,340 : Module example #8
INFO : root : 2022-07-14 19:49:53,340 : ['Full Stack Data Science', 'Javascript'] was listed in internship program
INFO : root : 2022-07-14 19:49:53,340 : Module example #9
INFO : root : 2022-07-14 19:49:53,340 : Viewing Neuron Type
INFO : root : 2022-07-14 19:49:53,340 : ['Tech Neuron', 'Kids Neuron'] was listed
INFO : root : 2022-07-14 19:49:53,340 : Module example #10
INFO : root : 2022-07-14 19:49:53,340 : Viewing Course library
INFO : root : 2022-07-14 19:49:53,340 : Data Structures and Algorithms
INFO : root : 2022-07-14 19:50:02,051 : ******************************************PACKAGE******************************************
INFO : root : 2022-07-14 19:50:02,055 : Package example #1
INFO : root : 2022-07-14 19:50:02,056 : Accessing Hall of Fame data
INFO : root : 2022-07-14 19:50:02,056 : Package example #2
INFO : root : 2022-07-14 19:50:02,056 : Out of 20
INFO : root : 2022-07-14 19:50:02,056 : ##########
INFO : root : 2022-07-14 19:50:02,056 : Package example #3
INFO : root : 2022-07-14 19:50:02,056 : Out of 10
INFO : root : 2022-07-14 19:50:02,057 : *******
INFO : root : 2022-07-14 19:50:02,057 : Package example #4
INFO : root : 2022-07-14 19:50:02,057 : 0.Python
INFO : root : 2022-07-14 19:50:02,057 : 1.Stats
INFO : root : 2022-07-14 19:50:02,057 : 2.Machine Learning
INFO : root : 2022-07-14 19:50:02,057 : 3.Deep Learning
INFO : root : 2022-07-14 19:50:02,057 : 4.Computer Vision
INFO : root : 2022-07-14 19:50:02,058 : Package example #5
INFO : root : 2022-07-14 19:50:02,058 : ['Microsoft', 'VM Ware', 'Adobe', 'Wipro']
INFO : root : 2022-07-14 19:50:02,058 : Package example #6
INFO : root : 2022-07-14 19:50:02,058 : opening for Business Development Associate at Bangalore location
INFO : root : 2022-07-14 19:50:02,058 : opening for Senior UI/UX developer at Bangalore location
INFO : root : 2022-07-14 19:50:02,058 : opening for UI/UX developer at Bangalore location
INFO : root : 2022-07-14 19:50:02,059 : Package example #7
INFO : root : 2022-07-14 19:50:02,059 : your affliate id AF23890 was registered
INFO : root : 2022-07-14 19:50:02,059 : Package example #8
INFO : root : 2022-07-14 19:50:02,059 : ['Full Stack Data Science', 'Javascript'] was listed in internship program
INFO : root : 2022-07-14 19:50:02,059 : Package example #9
INFO : root : 2022-07-14 19:50:02,059 : Viewing Neuron Type
INFO : root : 2022-07-14 19:50:02,059 : ['Tech Neuron', 'Kids Neuron'] was listed
INFO : root : 2022-07-14 19:50:02,060 : Package example #10
INFO : root : 2022-07-14 19:50:02,060 : Viewing Course library
INFO : root : 2022-07-14 19:50:02,060 : Data Structures and Algorithms
INFO : root : 2022-07-14 19:50:05,204 : ******************************************POLYMORPHISM*****************************************
INFO : root : 2022-07-14 19:50:05,204 : polymorphism example #1
INFO : root : 2022-07-14 19:50:05,204 : Home Dashboard
INFO : root : 2022-07-14 19:50:05,204 : Viewing Home data in the webapge loaded
INFO : root : 2022-07-14 19:50:05,204 : polymorphism example #2
INFO : root : 2022-07-14 19:50:05,204 : One Neuron Dashboard
INFO : root : 2022-07-14 19:50:05,204 : Viewing One Neuron data in the webapge loaded
INFO : root : 2022-07-14 19:50:05,204 : polymorphism example #3
INFO : root : 2022-07-14 19:50:05,204 : Your Collection Dashboard
INFO : root : 2022-07-14 19:50:05,204 : Viewing Your Collection data in the webapge loaded
INFO : root : 2022-07-14 19:50:05,204 : polymorphism example #4
INFO : root : 2022-07-14 19:50:05,205 : Raod Maps Dashboard
INFO : root : 2022-07-14 19:50:05,205 : Viewing Home data in the webapge loaded
INFO : root : 2022-07-14 19:50:05,205 : polymorphism example #5
INFO : root : 2022-07-14 19:50:05,205 : What Next Dashboard
INFO : root : 2022-07-14 19:50:05,205 : Viewing What Next data in the webapge loaded
INFO : root : 2022-07-14 19:50:05,205 : polymorphism example #6
INFO : root : 2022-07-14 19:50:05,205 : Challenges Dashboard
INFO : root : 2022-07-14 19:50:05,205 : Viewing Challenges data in the webapge loaded
INFO : root : 2022-07-14 19:50:05,205 : polymorphism example #7
INFO : root : 2022-07-14 19:50:05,205 : Enroll One Neuron Dashboard
INFO : root : 2022-07-14 19:50:05,205 : Viewing Enroll One Neuron data in the webapge loaded
INFO : root : 2022-07-14 19:50:05,205 : polymorphism example #8
INFO : root : 2022-07-14 19:50:05,205 : Course Library Dashboard
INFO : root : 2022-07-14 19:50:05,205 : Viewing Course Library data in the webapge loaded
INFO : root : 2022-07-14 19:50:05,205 : polymorphism example #9
INFO : root : 2022-07-14 19:50:05,205 : Internship Dashboard
INFO : root : 2022-07-14 19:50:05,205 : Viewing Internship data in the webapge loaded
INFO : root : 2022-07-14 19:50:05,205 : polymorphism example #10
INFO : root : 2022-07-14 19:50:05,205 : Online IDE Dashboard
INFO : root : 2022-07-14 19:50:05,206 : Viewing Online IDE data in the webapge loaded
INFO : root : 2022-07-14 19:50:08,684 : ******************************************PRIVATE******************************************
INFO : root : 2022-07-14 19:50:08,684 : private Example # 1
INFO : root : 2022-07-14 19:50:08,684 : Course ID ML1345 and Course Name Data Science
INFO : root : 2022-07-14 19:50:08,684 : private Example # 2
INFO : root : 2022-07-14 19:50:08,684 : Course Id was changed to ML1234
INFO : root : 2022-07-14 19:50:08,684 : Course ID ML1234 and Course Name Data Science
INFO : root : 2022-07-14 19:50:08,684 : private Example # 3
INFO : root : 2022-07-14 19:50:08,684 : Class ID ONE12345 and Class Name Kids Neuron
INFO : root : 2022-07-14 19:50:08,684 : private Example # 4
INFO : root : 2022-07-14 19:50:08,684 : Class Id was changed to ONE23145
INFO : root : 2022-07-14 19:50:08,684 : Class ID ONE12345 and Class Name Kids Neuron
INFO : root : 2022-07-14 19:50:08,684 : private Example # 5
INFO : root : 2022-07-14 19:50:08,685 : Affliate Link https://affiliate.ineuron.ai/
INFO : root : 2022-07-14 19:50:08,685 : Affliate Link www.google.com
INFO : root : 2022-07-14 19:50:08,685 : private Example # 6
INFO : root : 2022-07-14 19:50:08,685 : Affliate Link https://affiliate.ineuron.ai/
INFO : root : 2022-07-14 19:50:08,685 : Affliate Link www.google.com
INFO : root : 2022-07-14 19:50:08,685 : private Example # 7
INFO : root : 2022-07-14 19:50:08,685 : Job opening with type Full Time at location Bangalore
INFO : root : 2022-07-14 19:50:08,685 : private Example # 8
INFO : root : 2022-07-14 19:50:08,685 : Job opening with type Full Time at location Bangalore
INFO : root : 2022-07-14 19:50:08,685 : changing opening location
INFO : root : 2022-07-14 19:50:08,685 : Job opening with type Full Time at location Chennai
INFO : root : 2022-07-14 19:50:08,685 : private Example # 9
INFO : root : 2022-07-14 19:50:08,685 : Hi Udayavel, your domain Data Science internship was registered successfully
INFO : root : 2022-07-14 19:50:08,685 : private Example # 10
INFO : root : 2022-07-14 19:50:08,685 : Hi Udayavel, your domain Data Science internship was registered successfully
INFO : root : 2022-07-14 19:50:08,685 : Hi Udayavel, your domain Javascript was changed
INFO : root : 2022-07-14 19:50:12,901 : ******************************************PROTECTED******************************************
INFO : root : 2022-07-14 19:50:12,901 : protected Example # 1
INFO : root : 2022-07-14 19:50:12,901 : Data Science was registered successfully
INFO : root : 2022-07-14 19:50:12,902 : protected Example # 2
INFO : root : 2022-07-14 19:50:12,902 : Course list
INFO : root : 2022-07-14 19:50:12,902 : Data Science
INFO : root : 2022-07-14 19:50:12,902 : Data Structures
INFO : root : 2022-07-14 19:50:12,902 : Programming
INFO : root : 2022-07-14 19:50:12,902 : protected Example # 3
INFO : root : 2022-07-14 19:50:12,902 : Category list
INFO : root : 2022-07-14 19:50:12,903 : Data Science
INFO : root : 2022-07-14 19:50:12,903 : Programming
INFO : root : 2022-07-14 19:50:12,903 : Development
INFO : root : 2022-07-14 19:50:12,903 : Cloud
INFO : root : 2022-07-14 19:50:12,903 : Marketing
INFO : root : 2022-07-14 19:50:12,903 : protected Example # 4
INFO : root : 2022-07-14 19:50:12,903 : FULL STACK DEVELOPMENT topic was confirmed with ID TP1234
INFO : root : 2022-07-14 19:50:12,903 : protected Example # 5
INFO : root : 2022-07-14 19:50:12,904 : Ankur Khanna
INFO : root : 2022-07-14 19:50:12,904 : Sourangshu Paul
INFO : root : 2022-07-14 19:50:12,904 : Sunny Bhaveen Chandra
INFO : root : 2022-07-14 19:50:12,904 : protected Example # 6
INFO : root : 2022-07-14 19:50:12,904 : English
INFO : root : 2022-07-14 19:50:12,904 : Hindi
INFO : root : 2022-07-14 19:50:12,904 : German
INFO : root : 2022-07-14 19:50:12,904 : protected Example # 7
INFO : root : 2022-07-14 19:50:12,904 : FULL STACK DATA SCIENCE
INFO : root : 2022-07-14 19:50:12,905 : JAVASCRIPT
INFO : root : 2022-07-14 19:50:12,905 : protected Example # 8
INFO : root : 2022-07-14 19:50:12,905 : Data Structures searching done
INFO : root : 2022-07-14 19:50:12,905 : protected Example # 9
INFO : root : 2022-07-14 19:50:12,905 : ['Apparael Detection', 'Consumption Prediction', 'Bible Author Prediction']
INFO : root : 2022-07-14 19:50:12,905 : protected Example # 10
INFO : root : 2022-07-14 19:50:12,906 : story 1
INFO : root : 2022-07-14 19:50:12,906 : story 2
INFO : root : 2022-07-14 19:50:12,906 : story 3
INFO : root : 2022-07-14 19:50:16,559 : ******************************************PUBLIC******************************************
INFO : root : 2022-07-14 19:50:16,559 : public Example # 1
INFO : root : 2022-07-14 19:50:16,560 : Data Science was registered successfully
INFO : root : 2022-07-14 19:50:16,560 : public Example # 2
INFO : root : 2022-07-14 19:50:16,560 : Course list
INFO : root : 2022-07-14 19:50:16,560 : Data Science
INFO : root : 2022-07-14 19:50:16,560 : Data Structures
INFO : root : 2022-07-14 19:50:16,561 : Programming
INFO : root : 2022-07-14 19:50:16,561 : public Example # 3
INFO : root : 2022-07-14 19:50:16,562 : Category list
INFO : root : 2022-07-14 19:50:16,562 : Data Science
INFO : root : 2022-07-14 19:50:16,562 : Programming
INFO : root : 2022-07-14 19:50:16,562 : Development
INFO : root : 2022-07-14 19:50:16,562 : Cloud
INFO : root : 2022-07-14 19:50:16,562 : Marketing
INFO : root : 2022-07-14 19:50:16,563 : public Example # 4
INFO : root : 2022-07-14 19:50:16,563 : FULL STACK DEVELOPMENT topic was confirmed with ID TP1234
INFO : root : 2022-07-14 19:50:16,563 : public Example # 5
INFO : root : 2022-07-14 19:50:16,563 : Ankur Khanna
INFO : root : 2022-07-14 19:50:16,563 : Sourangshu Paul
INFO : root : 2022-07-14 19:50:16,564 : Sunny Bhaveen Chandra
INFO : root : 2022-07-14 19:50:16,564 : public Example # 6
INFO : root : 2022-07-14 19:50:16,564 : English
INFO : root : 2022-07-14 19:50:16,564 : Hindi
INFO : root : 2022-07-14 19:50:16,564 : German
INFO : root : 2022-07-14 19:50:16,564 : public Example # 7
INFO : root : 2022-07-14 19:50:16,565 : FULL STACK DATA SCIENCE
INFO : root : 2022-07-14 19:50:16,565 : JAVASCRIPT
INFO : root : 2022-07-14 19:50:16,565 : public Example # 8
INFO : root : 2022-07-14 19:50:16,565 : Data Structures searching done
INFO : root : 2022-07-14 19:50:16,565 : public Example # 9
INFO : root : 2022-07-14 19:50:16,566 : ['Apparael Detection', 'Consumption Prediction', 'Bible Author Prediction']
INFO : root : 2022-07-14 19:50:16,566 : public Example # 10
INFO : root : 2022-07-14 19:50:16,566 : story 1
INFO : root : 2022-07-14 19:50:16,566 : story 2
INFO : root : 2022-07-14 19:50:16,566 : story 3
